<?xml version="1.0" encoding="UTF-8"?>
<!-- Generated by org.testng.reporters.JUnitXMLReporter -->
<testsuite hostname="DESKTOP-G8D04B7" ignored="0" name="Test" tests="10" failures="2" timestamp="28 Nov 2021 15:55:43 GMT" time="0.135" errors="0">
  <testcase name="tc1" time="0.016" classname="org.testing.Sample1"/>
  <testcase name="tc2" time="0.0" classname="org.testing.Sample1"/>
  <testcase name="tc3" time="0.0" classname="org.testing.Sample1">
    <skipped/>
  </testcase> <!-- tc3 -->
  <testcase name="tc3" time="0.0" classname="org.testing.Sample1">
    <skipped/>
  </testcase> <!-- tc3 -->
  <testcase name="tc3" time="0.0" classname="org.testing.Sample1">
    <skipped/>
  </testcase> <!-- tc3 -->
  <testcase name="tc3" time="0.0" classname="org.testing.Sample1">
    <failure type="java.lang.ArithmeticException" message="/ by zero">
      <![CDATA[java.lang.ArithmeticException: / by zero
at org.testing.Sample1.tc3(Sample1.java:16)
... Removed 25 stack frames]]>
    </failure>
  </testcase> <!-- tc3 -->
  <testcase name="tc4" time="0.0" classname="org.testing.Sample1">
    <skipped/>
  </testcase> <!-- tc4 -->
  <testcase name="tc4" time="0.015" classname="org.testing.Sample1">
    <skipped/>
  </testcase> <!-- tc4 -->
  <testcase name="tc4" time="0.0" classname="org.testing.Sample1">
    <skipped/>
  </testcase> <!-- tc4 -->
  <testcase name="tc4" time="0.0" classname="org.testing.Sample1">
    <failure type="java.lang.ArithmeticException" message="/ by zero">
      <![CDATA[java.lang.ArithmeticException: / by zero
at org.testing.Sample1.tc4(Sample1.java:21)
... Removed 25 stack frames]]>
    </failure>
  </testcase> <!-- tc4 -->
</testsuite> <!-- Test -->
